Drill Listing
=============
Drill: .008  Tool: 1  Feed: 0  Speed: 0
X 418110  Y 396456
X 419881  Y 398818
X 395669  Y 416929
X 397047  Y 418307
X 400984  Y 421062
X 397244  Y 423228
X 397244  Y 428740
X 397401  Y 433543
X 397303  Y 439653
X 396653  Y 447244
X 396653  Y 456889
X 415748  Y 461220
X 412992  Y 481496
X 404330  Y 491535
X 412165  Y 491771
X 396220  Y 503031
X 396062  Y 505511
X 417125  Y 509055
X 396259  Y 510629
X 401496  Y 511692
X 417913  Y 514173
X 417913  Y 519685
X 396062  Y 521850
X 417913  Y 532283
X 396062  Y 536023
X 417913  Y 537795
X 417913  Y 543110
X 396062  Y 550196
X 419094  Y 552165
X 415944  Y 552559
X 419291  Y 554330
X 417913  Y 558267
X 417716  Y 560629
X 396456  Y 562992
X 419881  Y 564566
X 396456  Y 572637
X 415748  Y 580511
X 396456  Y 581496
X 417716  Y 587401
X 420275  Y 589763
X 418543  Y 594173
X 407480  Y 598622
X 419251  Y 599055
X 420196  Y 612322
X 420629  Y 615433
X 396850  Y 623622
X 401574  Y 623622
X 399212  Y 623622
X 413976  Y 623818
X 416732  Y 623818
X 421259  Y 623622
X 437007  Y 622834
X 442913  Y 622834
X 439960  Y 621771
X 434015  Y 621574
X 423503  Y 615354
X 435433  Y 609448
X 423425  Y 609448
X 435433  Y 606299
X 442913  Y 606102
X 435433  Y 602755
X 443307  Y 602362
X 435433  Y 599094
X 443307  Y 596456
X 435433  Y 595275
X 442913  Y 591732
X 435433  Y 591338
X 443700  Y 588582
X 435236  Y 587598
X 423228  Y 587204
X 435039  Y 585039
X 443700  Y 583464
X 434842  Y 582480
X 443307  Y 581102
X 434055  Y 577165
X 443307  Y 576574
X 424015  Y 575787
X 434251  Y 575000
X 442913  Y 574015
X 424212  Y 573425
X 424212  Y 569488
X 435629  Y 569291
X 441732  Y 569291
X 435629  Y 565748
X 423031  Y 564566
X 424409  Y 562795
X 436220  Y 560039
X 435629  Y 556102
X 443740  Y 550984
X 443897  Y 546456
X 440551  Y 536417
X 442913  Y 536220
X 432480  Y 528740
X 430905  Y 527165
X 436614  Y 526377
X 437598  Y 521653
X 432086  Y 521456
X 435629  Y 521259
X 438976  Y 520078
X 430905  Y 512795
X 433267  Y 512598
X 442913  Y 512598
X 428740  Y 512401
X 437992  Y 512204
X 443503  Y 500787
X 430905  Y 500590
X 420866  Y 500590
X 443503  Y 498622
X 429921  Y 493700
X 443700  Y 493700
X 444881  Y 489960
X 434842  Y 484842
X 445472  Y 484645
X 426574  Y 484251
X 428543  Y 484055
X 440944  Y 482480
X 439370  Y 481496
X 440944  Y 480511
X 435236  Y 477755
X 429921  Y 476181
X 436023  Y 475590
X 436614  Y 471062
X 442125  Y 470078
X 445275  Y 469881
X 428740  Y 469291
X 431102  Y 469094
X 434842  Y 469094
X 423031  Y 467913
X 442716  Y 458661
X 423228  Y 451968
X 432913  Y 448346
X 432874  Y 444448
X 443543  Y 443897
X 438503  Y 443818
X 423228  Y 443700
X 440984  Y 443700
X 432992  Y 442322
X 443543  Y 441417
X 440984  Y 441338
X 438622  Y 441338
X 423228  Y 440944
X 432952  Y 440275
X 441102  Y 438858
X 443425  Y 438818
X 438622  Y 438740
X 432362  Y 438228
X 434409  Y 432677
X 430314  Y 431496
X 440393  Y 430590
X 429527  Y 428740
X 430708  Y 427047
X 426574  Y 425984
X 441929  Y 425433
X 443937  Y 425196
X 439881  Y 425078
X 430354  Y 424724
X 422834  Y 423818
X 422637  Y 407677
X 440944  Y 407480
X 433070  Y 407480
X 421653  Y 402559
X 438976  Y 402362
X 444881  Y 402362
X 433070  Y 402362
X 423228  Y 398228
X 444881  Y 396456
X 421259  Y 396456
X 427165  Y 396456
X 438976  Y 396456
X 433070  Y 396456
X 468503  Y 396456
X 462598  Y 396456
X 456692  Y 396456
X 450787  Y 396456
X 465236  Y 401574
X 450787  Y 402362
X 456692  Y 402362
X 468897  Y 403937
X 447244  Y 406692
X 466299  Y 406811
X 468897  Y 407086
X 453543  Y 407086
X 468503  Y 416535
X 468700  Y 419291
X 468307  Y 422047
X 456259  Y 425078
X 445984  Y 425078
X 447992  Y 425275
X 447401  Y 430354
X 446811  Y 432362
X 451259  Y 433543
X 451574  Y 435826
X 459842  Y 437795
X 457480  Y 437795
X 454724  Y 437795
X 456574  Y 440551
X 453110  Y 445236
X 468858  Y 448188
X 461181  Y 448503
X 459212  Y 449645
X 448897  Y 449921
X 458661  Y 461220
X 461811  Y 462795
X 468700  Y 467322
X 451732  Y 468385
X 468070  Y 470236
X 453543  Y 471259
X 452362  Y 475196
X 459842  Y 475590
X 452559  Y 476968
X 452952  Y 480118
X 463385  Y 481496
X 449015  Y 481496
X 451574  Y 481496
X 458267  Y 481692
X 460826  Y 481889
X 446062  Y 482086
X 459842  Y 484055
X 467322  Y 488188
X 451377  Y 489370
X 460629  Y 490748
X 462795  Y 490748
X 462598  Y 494881
X 468503  Y 496062
X 468503  Y 498622
X 466338  Y 500393
X 455905  Y 501181
X 447480  Y 512570
X 453543  Y 512795
X 468307  Y 513188
X 464960  Y 513188
X 457086  Y 517716
X 464960  Y 519094
X 458070  Y 519685
X 459055  Y 526181
X 446259  Y 526377
X 451968  Y 526574
X 449803  Y 528543
X 454724  Y 531889
X 452755  Y 532480
X 447637  Y 536220
X 469330  Y 536653
X 451732  Y 536653
X 465354  Y 536811
X 467677  Y 536811
X 465551  Y 546850
X 464173  Y 548031
X 467716  Y 550000
X 461417  Y 551377
X 459094  Y 551653
X 457047  Y 553149
X 464173  Y 553937
X 449606  Y 553937
X 459842  Y 554527
X 458858  Y 556889
X 463188  Y 556889
X 450787  Y 559448
X 458858  Y 559645
X 463188  Y 560236
X 458858  Y 562204
X 450551  Y 564448
X 463188  Y 564566
X 458858  Y 565354
X 456299  Y 565748
X 463188  Y 568503
X 456102  Y 568700
X 458858  Y 568700
X 468503  Y 569685
X 463385  Y 571456
X 468307  Y 571850
X 456102  Y 572047
X 458661  Y 572047
X 462992  Y 574212
X 458661  Y 576377
X 452952  Y 576377
X 446850  Y 576377
X 467519  Y 576771
X 465157  Y 580314
X 450984  Y 580511
X 461023  Y 581102
X 464724  Y 582480
X 447637  Y 583267
X 453149  Y 583267
X 457283  Y 583267
X 464173  Y 587007
X 445866  Y 587598
X 457086  Y 587598
X 450000  Y 587795
X 447047  Y 588976
X 450433  Y 590629
X 464251  Y 590748
X 457047  Y 590748
X 464251  Y 595590
X 450196  Y 595708
X 457165  Y 595826
X 464133  Y 600196
X 450433  Y 600433
X 457047  Y 600433
X 445669  Y 601181
X 463976  Y 602559
X 457283  Y 602755
X 470472  Y 609055
X 460629  Y 609055
X 452755  Y 609055
X 448228  Y 611220
X 445866  Y 612401
X 456692  Y 622834
X 468503  Y 622834
X 464566  Y 622834
X 452755  Y 622834
X 448818  Y 622834
X 460629  Y 622834
X 472440  Y 622834
X 476377  Y 622834
X 482283  Y 622834
X 488188  Y 622834
X 491181  Y 621574
X 490472  Y 617047
X 489409  Y 612795
X 491141  Y 611220
X 489015  Y 609251
X 480314  Y 609055
X 490866  Y 607637
X 484251  Y 605118
X 491220  Y 604566
X 479488  Y 601062
X 482283  Y 600787
X 471102  Y 600196
X 491102  Y 598543
X 475590  Y 596062
X 471220  Y 595590
X 491062  Y 595354
X 482283  Y 593700
X 477559  Y 592992
X 473031  Y 592716
X 475984  Y 591338
X 491102  Y 591259
X 474015  Y 590551
X 480511  Y 590118
X 472047  Y 589370
X 477007  Y 589133
X 474015  Y 588385
X 491102  Y 586614
X 479409  Y 586496
X 479409  Y 582913
X 491102  Y 582637
X 474803  Y 578346
X 491181  Y 578110
X 475393  Y 575393
X 491062  Y 573740
X 491062  Y 569409
X 491062  Y 565472
X 471653  Y 564763
X 471062  Y 562204
X 490708  Y 561968
X 490669  Y 557755
X 490354  Y 553740
X 471259  Y 552952
X 478740  Y 552755
X 473228  Y 550984
X 475984  Y 550393
X 480708  Y 550393
X 492913  Y 536614
X 483267  Y 536417
X 479527  Y 536417
X 489763  Y 534645
X 479921  Y 534448
X 491535  Y 533464
X 493700  Y 533464
X 473622  Y 529527
X 487795  Y 528740
X 487992  Y 526181
X 495275  Y 525000
X 478543  Y 523622
X 480905  Y 523031
X 484251  Y 522834
X 493503  Y 521850
X 470866  Y 518897
X 478346  Y 515944
X 482086  Y 515748
X 476181  Y 513779
X 471850  Y 513188
X 474803  Y 507086
X 474015  Y 503740
X 481496  Y 503543
X 475000  Y 501968
X 493307  Y 500000
X 481653  Y 497401
X 471062  Y 495866
X 481299  Y 494960
X 472834  Y 494094
X 490944  Y 494094
X 481811  Y 492637
X 474803  Y 491338
X 473622  Y 489370
X 490708  Y 487283
X 474606  Y 483661
X 493110  Y 482480
X 487125  Y 476850
X 489173  Y 476496
X 484881  Y 476141
X 489881  Y 474055
X 491771  Y 473818
X 471259  Y 470866
X 471259  Y 467322
X 474409  Y 458858
X 472519  Y 457519
X 484685  Y 455629
X 488228  Y 455629
X 477952  Y 455629
X 481023  Y 455629
X 473425  Y 454921
X 484685  Y 451850
X 477952  Y 451732
X 481023  Y 451732
X 488228  Y 451732
X 488228  Y 448543
X 484685  Y 448543
X 477952  Y 448425
X 481141  Y 448425
X 471338  Y 448070
X 485905  Y 434055
X 485078  Y 432283
X 494763  Y 431456
X 489763  Y 430314
X 494881  Y 427559
X 491023  Y 425354
X 495039  Y 425236
X 493031  Y 425078
X 475236  Y 424803
X 472440  Y 424606
X 481220  Y 424566
X 472440  Y 422047
X 491732  Y 407480
X 482283  Y 407283
X 471850  Y 406692
X 486220  Y 402362
X 492125  Y 402362
X 480314  Y 402362
X 472125  Y 401732
X 486220  Y 396456
X 474409  Y 396456
X 480314  Y 396456
X 492125  Y 396456
X 519488  Y 396259
X 515748  Y 396456
X 509842  Y 396456
X 503937  Y 396456
X 498031  Y 396456
X 517125  Y 398622
X 515748  Y 400984
X 503937  Y 402362
X 498031  Y 402362
X 514566  Y 404133
X 505905  Y 407874
X 497637  Y 407874
X 514370  Y 408661
X 510629  Y 409448
X 501181  Y 414173
X 519881  Y 419094
X 517519  Y 419291
X 518307  Y 422834
X 497204  Y 425078
X 510433  Y 425157
X 506732  Y 425196
X 497362  Y 427322
X 508858  Y 428700
X 506968  Y 428700
X 503937  Y 433070
X 503543  Y 435039
X 505405  Y 436173
X 504133  Y 444960
X 503937  Y 449370
X 517480  Y 450787
X 512283  Y 450826
X 508267  Y 450826
X 503976  Y 454212
X 509842  Y 455511
X 515748  Y 455511
X 504133  Y 457086
X 506102  Y 458070
X 509645  Y 460039
X 514173  Y 460629
X 519685  Y 462795
X 507874  Y 469685
X 504330  Y 470472
X 513307  Y 470511
X 509842  Y 471338
X 514409  Y 472519
X 498228  Y 473031
X 502952  Y 473031
X 513188  Y 475590
X 498425  Y 478937
X 503937  Y 479330
X 507874  Y 479724
X 505118  Y 483858
X 507086  Y 485039
X 513188  Y 488779
X 505118  Y 490944
X 508858  Y 492125
X 502952  Y 492716
X 513385  Y 493740
X 508661  Y 494488
X 512322  Y 496811
X 508858  Y 496850
X 502952  Y 497440
X 509842  Y 499803
X 503543  Y 505314
X 502362  Y 507086
X 503740  Y 512795
X 502755  Y 514763
X 503740  Y 516929
X 503740  Y 518897
X 503740  Y 521062
X 498464  Y 526811
X 498464  Y 528937
X 498500  Y 531070
X 516299  Y 542086
X 515866  Y 550944
X 518582  Y 551181
X 514330  Y 555905
X 514960  Y 558110
X 511968  Y 558110
X 518110  Y 558228
X 500669  Y 558661
X 503543  Y 560551
X 505314  Y 562795
X 501377  Y 562874
X 504370  Y 565275
X 501338  Y 565826
X 503188  Y 567755
X 501574  Y 569685
X 502362  Y 572047
X 501692  Y 574291
X 510196  Y 574685
X 520236  Y 575039
X 512677  Y 575511
X 518503  Y 582283
X 503740  Y 592795
X 502283  Y 598425
X 509448  Y 598818
X 519842  Y 599015
X 511417  Y 600787
X 506023  Y 602283
X 514173  Y 603543
X 516220  Y 605629
X 508267  Y 606299
X 503858  Y 607125
X 511417  Y 607480
X 514094  Y 607598
X 506299  Y 607677
X 516535  Y 610236
X 500984  Y 610826
X 515748  Y 613385
X 511023  Y 614842
X 501141  Y 614921
X 513385  Y 614960
X 506023  Y 615314
X 502755  Y 616141
X 515748  Y 617322
X 515354  Y 620078
X 500984  Y 621574
X 514960  Y 622440
X 503149  Y 622440
X 519685  Y 622834
X 525590  Y 622834
X 531496  Y 622834
X 537401  Y 622834
X 538188  Y 609055
X 531496  Y 609055
X 525196  Y 608661
X 524409  Y 605511
X 521653  Y 603149
X 525590  Y 600787
X 535039  Y 599212
X 521653  Y 597244
X 539370  Y 597244
X 530787  Y 596968
X 524606  Y 594055
X 533149  Y 592874
X 539370  Y 591338
X 524606  Y 591102
X 533228  Y 587874
X 524330  Y 586299
X 521653  Y 585433
X 539370  Y 585433
X 529881  Y 583897
X 533110  Y 582992
X 525236  Y 580669
X 522834  Y 577519
X 539370  Y 573622
X 525984  Y 572992
X 533346  Y 571417
X 523307  Y 570944
X 539370  Y 567716
X 533149  Y 565196
X 528937  Y 561850
X 539370  Y 555905
X 535433  Y 555826
X 521732  Y 553425
X 527874  Y 551023
X 530826  Y 550944
X 521417  Y 550590
X 539370  Y 550000
X 536732  Y 546771
X 539370  Y 544094
X 528543  Y 539881
X 532047  Y 538464
X 522007  Y 533464
X 533464  Y 532283
X 539370  Y 532283
X 527047  Y 527480
X 530984  Y 527401
X 533464  Y 526377
X 539370  Y 526377
X 533464  Y 520472
X 539370  Y 520472
X 530708  Y 517086
X 528740  Y 514960
X 539370  Y 514566
X 533464  Y 514566
X 539370  Y 508661
X 533464  Y 508661
X 539370  Y 502755
X 533464  Y 502755
X 528464  Y 502440
X 527086  Y 498228
X 533464  Y 496850
X 539370  Y 496850
X 533464  Y 490944
X 539370  Y 490944
X 527204  Y 490708
X 527362  Y 486653
X 533464  Y 485039
X 539370  Y 485039
X 527322  Y 483188
X 533464  Y 479133
X 539370  Y 479133
X 533464  Y 473228
X 539370  Y 473228
X 527086  Y 472637
X 533464  Y 467322
X 539370  Y 467322
X 522440  Y 466141
X 540551  Y 464566
X 531496  Y 461023
X 540944  Y 461023
X 521259  Y 457086
X 533464  Y 455511
X 539370  Y 455511
X 540551  Y 452755
X 540984  Y 449724
X 521771  Y 446141
X 527165  Y 446062
X 523582  Y 446062
X 525393  Y 446062
X 523622  Y 444212
X 527204  Y 444173
X 525511  Y 444173
X 521811  Y 444173
X 540905  Y 443897
X 524015  Y 439370
X 541023  Y 437716
X 540944  Y 424409
X 521653  Y 423622
X 526968  Y 422440
X 522440  Y 420866
X 539173  Y 420866
X 541141  Y 417125

Drill: .00984  Tool: 2  Feed: 0  Speed: 0
X 403939  Y 398932
X 411020  Y 398932
X 398932  Y 403939
X 416028  Y 403939
X 398932  Y 411020
X 416028  Y 411020
X 403939  Y 416028
X 411020  Y 416028
X 533068  Y 416028
X 525986  Y 416028
X 538075  Y 411020
X 520979  Y 411020
X 538075  Y 403939
X 520979  Y 403939
X 533068  Y 398932
X 525986  Y 398932

Drill: .01  Tool: 3  Feed: 95  Speed: 300
X 409842  Y 441732
X 419488  Y 446850
X 421259  Y 489566
X 423425  Y 557086
X 421259  Y 559645
X 419724  Y 604763
X 485905  Y 603543
X 469488  Y 529921
X 493700  Y 514960
X 493700  Y 512204
X 491141  Y 499212
X 448031  Y 497637
X 490472  Y 470748
X 469291  Y 462204
X 465354  Y 456496
X 465354  Y 454133
X 468622  Y 442165
X 449842  Y 438346
X 498228  Y 432283
X 498740  Y 454921
X 524803  Y 455905
X 496259  Y 459173
X 536692  Y 462677
X 498031  Y 467322
X 521850  Y 526377
X 520826  Y 568503

Drill: .02362  Tool: 4  Feed: 197  Speed: 550
X 477086  Y 417303 X 477086  Y 421633
X 511102  Y 417303 X 511102  Y 421633
X 477086  Y 401555 X 477086  Y 404704
X 511102  Y 401555 X 511102  Y 404704
X 425905  Y 417303 X 425905  Y 421633
X 459921  Y 417303 X 459921  Y 421633
X 425905  Y 401555 X 425905  Y 404704
X 459921  Y 401555 X 459921  Y 404704

Drill: .02559  Tool: 5  Feed: 197  Speed: 550
X 431535  Y 417500
X 454291  Y 417500
X 482716  Y 417500
X 505472  Y 417500

Drill: .0315  Tool: 6  Feed: 197  Speed: 550
X 529527  Y 534251
X 536811  Y 540157
X 529527  Y 546062
X 529527  Y 555905
X 536811  Y 561811
X 529527  Y 567716

Drill: .03937  Tool: 7  Feed: 197  Speed: 550
X 527559  Y 478937
X 527559  Y 510354

Drill: .04  Tool: 8  Feed: 139  Speed: 550
X 437992  Y 456496
X 427952  Y 456496
X 457874  Y 456496
X 447952  Y 456496

Drill: .04016  Tool: 9  Feed: 139  Speed: 550
X 412480  Y 426653
X 402480  Y 426653
X 412480  Y 436653
X 402480  Y 436653
X 412480  Y 446653
X 402480  Y 446653
X 412480  Y 456653
X 402480  Y 456653
X 412480  Y 466653
X 402480  Y 466653
X 412480  Y 476653
X 402480  Y 476653
X 412480  Y 486653
X 402480  Y 486653
X 412480  Y 496653
X 402480  Y 496653
X 412480  Y 506653
X 402480  Y 506653
X 412480  Y 516653
X 402480  Y 516653
X 412480  Y 526653
X 402480  Y 526653
X 412480  Y 536653
X 402480  Y 536653
X 412480  Y 546653
X 402480  Y 546653
X 412480  Y 556653
X 402480  Y 556653
X 412480  Y 566653
X 402480  Y 566653
X 412480  Y 576653
X 402480  Y 576653
X 412480  Y 586653
X 402480  Y 586653
X 412480  Y 596653
X 402480  Y 596653
X 412480  Y 606653
X 402480  Y 606653
X 412480  Y 616653
X 402480  Y 616653

Drill: .12598  Tool: 10  Feed: 35  Speed: 794
X 407480  Y 407480
X 529527  Y 407480

Drill: .1378  Tool: 11  Feed: 35  Speed: 794
X 407480  Y 635826
X 529527  Y 635826

End of Listing
